This is pdfTeX, Version 3.1415926-2.5-1.40.14 (TeX Live 2013/Debian) (format=pdflatex 2016.1.28)  31 JAN 2016 11:54
entering extended mode
 restricted \write18 enabled.
 %&-line parsing enabled.
**002_dataanalysis_15-jan-2.tex
(./002_dataanalysis_15-jan-2.tex
LaTeX2e <2011/06/27>
Babel <3.9h> and hyphenation patterns for 2 languages loaded.

! LaTeX Error: File `revtex4-1.cls' not found.

Type X to quit or <RETURN> to proceed,
or enter new name. (Default extension: cls)

Enter file name: 
! Emergency stop.
<read *> 
         
l.2 \usepackage
               {graphicx}^^M
*** (cannot \read from terminal in nonstop modes)

 
Here is how much of TeX's memory you used:
 10 strings out of 495028
 270 string characters out of 6181497
 45944 words of memory out of 5000000
 3318 multiletter control sequences out of 15000+600000
 3640 words of font info for 14 fonts, out of 8000000 for 9000
 14 hyphenation exceptions out of 8191
 10i,0n,7p,119b,8s stack positions out of 5000i,500n,10000p,200000b,80000s
!  ==> Fatal error occurred, no output PDF file produced!
